1559191661869	mozrunner::runner	INFO	Running command: "C:\\Program Files\\Mozilla Firefox\\firefox.exe" "-marionette" "-foreground" "-no-remote" "-profile" "C:\\Users\\hp\\AppData\\Local\\Temp\\rust_mozprofile.fk64S60LspdG"
1559191662867	addons.webextension.screenshots@mozilla.org	WARN	Loading extension 'screenshots@mozilla.org': Reading manifest: Invalid extension permission: mozillaAddons
1559191662867	addons.webextension.screenshots@mozilla.org	WARN	Loading extension 'screenshots@mozilla.org': Reading manifest: Invalid extension permission: resource://pdf.js/
1559191662868	addons.webextension.screenshots@mozilla.org	WARN	Loading extension 'screenshots@mozilla.org': Reading manifest: Invalid extension permission: about:reader*
1559191667984	Marionette	INFO	Listening on port 19662
1559191668493	Marionette	WARN	TLS certificate errors will be ignored for this session
[Parent 20884, Gecko_IOThread] WARNING: pipe error: 109: file z:/task_1558035249/build/src/ipc/chromium/src/chrome/common/ipc_channel_win.cc, line 341
[Child 21168, Chrome_ChildThread] WARNING: pipe error: 109: file z:/task_1558035249/build/src/ipc/chromium/src/chrome/common/ipc_channel_win.cc, line 341
[Child 21168, Chrome_ChildThread] WARNING: pipe error: 109: file z:/task_1558035249/build/src/ipc/chromium/src/chrome/common/ipc_channel_win.cc, line 341
[Parent 20884, Gecko_IOThread] WARNING: pipe error: 109: file z:/task_1558035249/build/src/ipc/chromium/src/chrome/common/ipc_channel_win.cc, line 341
[Child 14644, Chrome_ChildThread] WARNING: pipe error: 109: file z:/task_1558035249/build/src/ipc/chromium/src/chrome/common/ipc_channel_win.cc, line 341
[Child 14644, 1559191688837	Marionette	INFO	Stopped listening on port 19662

###!!! [Child][RunMessage] Error: Channel closing: too late to send/recv, messages will be lost

[G
###!!! [Child][MessageChannel::SendAndWait] Error: Channel error: cannot send/recv

1559192465450	mozrunner::runner	INFO	Running command: "C:\\Program Files\\Mozilla Firefox\\firefox.exe" "-marionette" "-foreground" "-no-remote" "-profile" "C:\\Users\\hp\\AppData\\Local\\Temp\\rust_mozprofile.4ThYdWscHN0g"
1559192467654	addons.webextension.screenshots@mozilla.org	WARN	Loading extension 'screenshots@mozilla.org': Reading manifest: Invalid extension permission: mozillaAddons
1559192467655	addons.webextension.screenshots@mozilla.org	WARN	Loading extension 'screenshots@mozilla.org': Reading manifest: Invalid extension permission: resource://pdf.js/
1559192467655	addons.webextension.screenshots@mozilla.org	WARN	Loading extension 'screenshots@mozilla.org': Reading manifest: Invalid extension permission: about:reader*
1559192472393	Marionette	INFO	Listening on port 20128
1559192472678	Marionette	WARN	TLS certificate errors will be ignored for this session
console.error: BroadcastService: 
  receivedBroadcastMessage: handler for
  remote-settings/monitor_changes
  threw error:
  Message: Error: Polling for changes failed: http://%(server)s/dummy/blocklist//buckets/monitor/collections/changes/records?_expected=%221559174406944%22 is not a valid URL..
  Stack:
    remoteSettingsFunction/remoteSettings.pollChanges@resource://services-settings/remote-settings.js:203:13

[Parent 20588, Gecko_IOThread] WARNING: pipe error: 109: file z:/task_1558035249/build/src/ipc/chromium/src/chrome/common/ipc_channel_win.cc, line 341
[Parent 20588, Gecko_IOThread] WARNING: pipe error: 109: file z:/task_1558035249/build/src/ipc/chromium/src/chrome/common/ipc_channel_win.cc, line 341
[Child 10628, Chrome_ChildThread] WARNING: pipe error: 109: file z:/task_1558035249/build/src/ipc/chromium/src/chrome/common/ipc_channel_win.cc, line 341
[Child 10628, Chrome_ChildThre
###!!! [Child][MessageChannel] Error: (msgtype=0x530005,name=PHttpChannel::Msg_Cancel) Closed channel: cannot send/recv

ad] WARNING: pipe error[Parent 20588, Gecko_IOThread] WARNING: pipe error: 109: file z:/task_1558035249/build/src/ipc/chromium/src/chrome/common/ipc_channel_win.cc, line 341
[Parent 20588, Gecko_IOThread] WARNING: pipe error: 109: file z:/task_1558035249/build/src/ipc/chromium/src/chrome/common/ipc_channel_win.cc, line 341
[Child 16804, Chrome_ChildThread] WARNING: pipe error: 109: file z:/task_1558035249/build/src/ipc/chromium/src/chrome/common/ipc_channel_win.cc, line 341
[Child 16804, Chrome_ChildThread] WARNING: pipe error: 109: file z:/task_1558035249/build/src/ipc/1559200475437	Marionette	INFO	Stopped listening on port 20128

###!!! [Child][MessageChannel::SendAndWait] Error: Channel error: cannot send/recv

id URL..
  Stack:
    remoteSettingsFunction/remoteSettings.pollChanges@resource://services-settings/remote-settings.js:203:13

[Parent 19548, Gecko_IOThread] WARNING: pipe error: 109: file z:/task_1558035249/build/src/ipc/chromium/src/chrome/common/ipc_channel_win.cc, line 341
[Parent 19548, Gecko_IOThread] WARNING: pipe error: 109: file z:/task_1558035249/build/src/ipc/chromium/src/chrome/common/ipc_channel_win.cc, line 341
[Child 21172, Chrome_ChildThread] WARNING: pipe error: 109: file z:/task_1558035249/build/src/ipc/chromium/src/chrome/common/ipc_channel_win.cc, line 341
[Child 12112, Chrome_ChildThread] WARNING: pipe error: 109: file z:/task_1558035249/build/src/ipc/chromium/src/chrome/common/ipc_channel_win.cc, line 341
[Parent 19548, Gecko_IOThread] WARNING: pipe error: 109: file z:/task_1558035249/build/src/ipc/chromium/src/chrome/common/ipc_channel_win.cc, line 341
[Child 17796, Chrome_ChildThread] WARNING: pipe error: 109: file z:/task_1558035249/build/src/ipc/chromium/src/chrome/common/ipc_channel_win.cc, line 341
[Child 171559200473123	Marionette	INFO	Stopped listening on port 20261

###!!! [Child][MessageChannel::SendAndWait] Error: Channel error: cannot send/recv

blocklist//buckets/monitor/collections/changes/records?_expected=%221559174406944%22 is not a valid URL..
  Stack:
    remoteSettingsFunction/remoteSettings.pollChanges@resource://services-settings/remote-settings.js:203:13

[Parent 2444, Gecko_IOThread] WARNING: pipe error: 109: file z:/task_1558035249/build/src/ipc/chromium/src/chrome/common/ipc_channel_win.cc, line 341
[Parent 2444, Gecko_IOThread] WARNING: pipe error: 109: file z:/task_1558035249/build/src/ipc/chromium/src/chrome/common/ipc_channel_win.cc, line 341
[Child 3100, Chrome_ChildThread] WARNING: pipe error: 109: file z:/task_1558035249/build/src/ipc/chromium/src/chrome/common/ipc_channel_win.cc, line 341
[Child 3100, Ch[Parent 2444, Gecko_IOThread] WARNING: pipe error: 109: file z:/task_1558035249/build/src/ipc/chromium/src/chrome/common/ipc_channel_win.cc, line 341
[Child 17396, Chrome_ChildThread] WARNING: pipe error: 109: file z:/task_1558035249/build/src/ipc/chromium/src/chrome/common/ipc_channel_win.cc, line 341
[Child 17396, Chrome_ChildThread] WARNING: pipe error: 109: file z:/task_1558035249/bui1559200470939	Marionette	INFO	Stopped listening on port 21823

###!!! [Child][RunMessage] Error: Channel closing: too late to send/recv, messages will be lost


###!!! [Child][MessageChannel::SendAndWait] Error: Channel error: cannot send/recv

ons/changes/records?_expected=%221559174406944%22 is not a valid URL..
  Stack:
    remoteSettingsFunction/remoteSettings.pollChanges@resource://services-settings/remote-settings.js:203:13

[Parent 20896, Gecko_IOThread] WARNING: pipe error: 109: file z:/task_1558035249/build/src/ipc/chromium/src/chrome/common/ipc_channel_win.cc, line 341
[Parent 20896, Gecko_IOThread] WARNING: pipe error: 109: file z:/task_1558035249/build/src/ipc/chromium/src/chrome/common/ipc_channel_win.cc, line 341
[Child 22152, Chrome_ChildThread] WARNING: pipe error: 109: file z:/task_1558035249/build/src/ipc/chromium/src/chrome/common/ipc_channel_win.cc, line 341
[Child 22152, Chrome_ChildThread] WARNING: pipe error: 109: file z:/task_1558035249/build/src/ipc/chromium/src/chrome/common/ipc_channel_win.cc, line 341
[Parent 20896, Gecko_IOThread] WARNING: pipe error: 109: file z:/task_1558035249/build/src/ipc/chromium/src/chrome/common/ipc_channel_win.cc, line 341
1559200466566	Marionette	INFO	Stopped listening on port 22007

###!!! [Child][MessageChannel::SendAndWait] Error: Channel error: cannot send/recv

RNING: pipe error: 109: file z:/task_1558035249/build/src/ipc/chromium/src/chrome/common/ipc_channel_win.cc, line 341
[Parent 18512, Gecko_IOThread] WARNING: pipe error: 109: file z:/task_1558035249/build/src/ipc/chromium/src/chrome/common/ipc_channel_win.cc, line 341
[Child 1652, Chrome_ChildThread] WARNING: pipe error: 109: file z:/task_1558035249/build/src/ipc/chromium/src/chrome/common/ipc_channel_win.cc, line 341[
Child 1856, C[hCrome_ChildThread] WARNING: pipe error: 109: file z:/task_1558035249/build/src/ipc/chromium/src/chrome/common/ipc_channel_win.cc, line 341
[Child 18[Parent 18512, Gecko_IOThread] WARNING: pipe error: 109: file z:/task_1558035249/build/src/ipc/chromium/src/chrome/common/ipc_channel_win.cc, line 341
1559197474710	Marionette	INFO	Stopped listening on port 22301
[G
###!!! [Child][RunMessage] Error: Channel closing: too late to send/recv, messages will be lost

1559199682253	mozrunner::runner	INFO	Running command: "C:\\Program Files\\Mozilla Firefox\\firefox.exe" "-marionette" "-foreground" "-no-remote" "-profile" "C:\\Users\\hp\\AppData\\Local\\Temp\\rust_mozprofile.PvFPDmFhQqE0"
1559199684576	addons.webextension.screenshots@mozilla.org	WARN	Loading extension 'screenshots@mozilla.org': Reading manifest: Invalid extension permission: mozillaAddons
1559199684577	addons.webextension.screenshots@mozilla.org	WARN	Loading extension 'screenshots@mozilla.org': Reading manifest: Invalid extension permission: resource://pdf.js/
1559199684577	addons.webextension.screenshots@mozilla.org	WARN	Loading extension 'screenshots@mozilla.org': Reading manifest: Invalid extension permission: about:reader*
1559199691091	Marionette	INFO	Listening on port 23363
1559199691128	Marionette	WARN	TLS certificate errors will be ignored for this session
[Parent 5840, Gecko_IOThread] WARNING: pipe error: 109: file z:/task_1558035249/build/src/ipc/chromium/src/chrome/common/ipc_channel_win.cc, line 341
[Parent 5840, Gecko_IOThread] WARNING: pipe error: 109: file z:/task_1558035249/build/src/ipc/chromium/src/chrome/common/ipc_channel_win.cc, line 341
[Child 22008, Chrome_ChildThread] WARNING: pipe error: 109: file z:/task_1558035249/build/src/ipc/chromium/src/chrome/common/ipc_channel_win.cc, line 341
[Child 22008, [ChCrhome_ChiilldThread] WARNING: pipe error: 109: file z:/task_1558035249/build/src/ipc/chromd 20160, Chrome_ChildThiumread] WARNING: pipe er/rsorc/chrome/common/ipc_channel_win.cc, line 341
r: 109: file z:/task_1558035249/build/src/ipc/chromium/src/chrome/common/ipc_channel_win.cc, line 341
[Child 20160, Chrome_ChildThread] WARNING: pipe error: 109: file z:/task_1558035249/build/src/ipc/chromium/src/chrome/common/ipc_channel_win.cc, line 341
1559199705515	Marionette	INFO	Stopped listening on port 23363

###!!! [Child][RunMessage] Error: Channel closing: too late to send/recv, messages will be lost

[GPU1559200361523	mozrunner::runner	INFO	Running command: "C:\\Program Files\\Mozilla Firefox\\firefox.exe" "-marionette" "-foreground" "-no-remote" "-profile" "C:\\Users\\hp\\AppData\\Local\\Temp\\rust_mozprofile.O6Gq4uFHX28I"
1559200363539	addons.webextension.screenshots@mozilla.org	WARN	Loading extension 'screenshots@mozilla.org': Reading manifest: Invalid extension permission: mozillaAddons
1559200363539	addons.webextension.screenshots@mozilla.org	WARN	Loading extension 'screenshots@mozilla.org': Reading manifest: Invalid extension permission: resource://pdf.js/
1559200363539	addons.webextension.screenshots@mozilla.org	WARN	Loading extension 'screenshots@mozilla.org': Reading manifest: Invalid extension permission: about:reader*
1559200367914	Marionette	INFO	Listening on port 23660
1559200368104	Marionette	WARN	TLS certificate errors will be ignored for this session
JavaScript error: resource://activity-stream/lib/ActivityStreamPrefs.jsm, line 23: NS_ERROR_ILLEGAL_VALUE: Component returned failure code: 0x80070057 (NS_ERROR_ILLEGAL_VALUE) [nsIPrefBranch.removeObserver]
[Child 2172, Chrome_ChildThread] WARNING: pipe error: 109: file z:/task_1558035249/build/src/ipc/chromium/src/chrome/common/ipc_channel_win.cc, line 341
[Child 16472, Chrome_ChildThread] WARNING: pipe error: 109: file z:/task_1558035249/build/src/ipc/chromium/src/chrome/common/ipc_channel_win.cc, line 341
[Child 16472, C[Child 15396, Chrome_ChildThread] WARNING: pipe error: 109: file z:/task_1558035249/build/src/ipc/chromium/src/chrome/common/ipc_channel_win.cc, line 341
[Child 15396, Chrome_ChildThread] WARNING: pipe error: 109: file z:/taJavaScript error: resource://gre/modules/JSONFile.jsm, line 159: Error: Data is not ready.
console.error: PushService: 
  clearOriginData: Error clearing origin data:
  AbortError
console.error: PushService: 
  stateChangeProcessEnqueue: Error transitioning state
  AbortError
console.log: "RemoteSettingsWorker error: UnknownError: The operation failed for reasons unrelated to the database itself and not covered by any other error code."

###!!! [Parent][DispatchAsyncMessage] Error: PBackgroundIDBFactory::Msg_PBackgroundIDBFactoryRequestConstructor Value error: message was deserialized, but contained an illegal value


###!!! [Parent][DispatchAsyncMessage] Error: PBackgroundIDBFactory::Msg_PBackgroundIDBFactoryRequestConstructor Value error: message was deserialized, but contained an illegal value

1559200370965	Marionette	INFO	Stopped listening on port 23660

###!!! [Child][RunMessage] Error: Channel closing: too late to send/recv, messages will be lost

[G
###!!! [Child][MessageChannel::SendAndWait] Error: Channel error: cannot send/recv

1559200455341	mozrunner::runner	INFO	Running command: "C:\\Program Files\\Mozilla Firefox\\firefox.exe" "-marionette" "-foreground" "-no-remote" "-profile" "C:\\Users\\hp\\AppData\\Local\\Temp\\rust_mozprofile.xArqCIUcqc3i"
1559200456265	addons.webextension.screenshots@mozilla.org	WARN	Loading extension 'screenshots@mozilla.org': Reading manifest: Invalid extension permission: mozillaAddons
1559200456265	addons.webextension.screenshots@mozilla.org	WARN	Loading extension 'screenshots@mozilla.org': Reading manifest: Invalid extension permission: resource://pdf.js/
1559200456265	addons.webextension.screenshots@mozilla.org	WARN	Loading extension 'screenshots@mozilla.org': Reading manifest: Invalid extension permission: about:reader*
1559200460927	Marionette	INFO	Listening on port 23689
1559200460944	Marionette	WARN	TLS certificate errors will be ignored for this session
JavaScript error: resource://activity-stream/lib/ActivityStreamPrefs.jsm, line 23: NS_ERROR_ILLEGAL_VALUE: Component returned failure code: 0x80070057 (NS_ERROR_ILLEGAL_VALUE) [nsIPrefBranch.removeObserver]
[Parent 22568, Gecko_IOThread] WARNING: pipe error: 109: file z:/task_1558035249/build/src/ipc/chromium/src/chrome/common/ipc_channel_win.cc, line 341
[Parent 22568, Gecko_IOThread] WARNING: pipe error: 109: file z:/task_1558035249/build/src/ipc/chromium/src/chrome/common/ipc_channel_win.cc, line 341
[Child 18596, Chrome_ChildThread] WARNING: pipe error: 109: file z:/task_1558035249/build/src/ipc/chromium/src/chrome/common/ipc_channel_win.cc, line 341
[Child 18596, Chrome_ChildThread] WARNING: pipe error: 109: file z:/task_1558035249/build/src/ipc/chromium/src/chrome/common/ipc_channel_win.cc, line 341
[Parent 22568, Gecko_IOThread] WARNING: pipe error: 109: file z:/task_1558035249/build/src/ipc/chromium/src/chrome/common/ipc_channel_win.cc, line 341
[Child 22824, Chrome_ChildThread] WARNING: pipe error: 109: file z:/task_1558035249/build/src/ipc/chromium/src/chrome/common/ipc_channel_win.cc, line 341
[Child 22824, Chrome_ChildJavaScript error: resource://gre/modules/ExtensionSettingsStore.jsm, line 105: Error: The ExtensionSettingsStore was accessed before the initialize promise resolved.
JavaScript error: resource://gre/modules/Sqlite.jsm, line 834: Error: Connection is not open.
console.log: "RemoteSettingsWorker error: UnknownError: The operation failed for reasons unrelated to the database itself and not covered by any other error code."
1559200465944	Marionette	INFO	Stopped listening on port 23689
[GPU 
###!!! [Child][MessageChannel::SendAndWait] Error: Channel error: cannot send/recv

1559200828237	mozrunner::runner	INFO	Running command: "C:\\Program Files\\Mozilla Firefox\\firefox.exe" "-marionette" "-foreground" "-no-remote" "-profile" "C:\\Users\\hp\\AppData\\Local\\Temp\\rust_mozprofile.m6iUkPPsPyhQ"
1559200829816	addons.webextension.screenshots@mozilla.org	WARN	Loading extension 'screenshots@mozilla.org': Reading manifest: Invalid extension permission: mozillaAddons
1559200829817	addons.webextension.screenshots@mozilla.org	WARN	Loading extension 'screenshots@mozilla.org': Reading manifest: Invalid extension permission: resource://pdf.js/
1559200829817	addons.webextension.screenshots@mozilla.org	WARN	Loading extension 'screenshots@mozilla.org': Reading manifest: Invalid extension permission: about:reader*
1559200834107	Marionette	INFO	Listening on port 23856
1559200834288	Marionette	WARN	TLS certificate errors will be ignored for this session
JavaScript error: resource://activity-stream/lib/ActivityStreamPrefs.jsm, line 23: NS_ERROR_ILLEGAL_VALUE: Component returned failure code: 0x80070057 (NS_ERROR_ILLEGAL_VALUE) [nsIPrefBranch.removeObserver]
[Child 17988, Chrome_ChildThread] WARNING: pipe error: 109: file z:/task_1558035249/build/src/ipc/chromium/src/chrome/common/ipc_channel_win.cc, line 341
[Child 179JavaScript error: resource://gre/modules/JSONFile.jsm, line 159: Error: Data is not ready.
console.log: "RemoteSettingsWorker error: UnknownError: The operation failed for reasons unrelated to the database itself and not covered by any other error code."

###!!! [Parent][DispatchAsyncMessage] Error: PBackgroundIDBFactory::Msg_PBackgroundIDBFactoryRequestConstructor Value error: message was deserialized, but contained an illegal value


###!!! [Parent][DispatchAsyncMessage] Error: PBackgroundIDBFactory::Msg_PBackgroundIDBFactoryRequestConstructor Value error: message was deserialized, but contained an illegal value

1559200837249	Marionette	INFO	Stopped listening on port 23856

###!!! [Child][RunMessage] Error: Channel closing: too late to send/recv, messages will be lost

[GPU
###!!! [Child][MessageChannel::SendAndWait] Error: Channel error: cannot send/recv

1559210191236	mozrunner::runner	INFO	Running command: "C:\\Program Files\\Mozilla Firefox\\firefox.exe" "-marionette" "-foreground" "-no-remote" "-profile" "C:\\Users\\hp\\AppData\\Local\\Temp\\rust_mozprofile.2O9ftaZJRaRS"
1559210192582	addons.webextension.screenshots@mozilla.org	WARN	Loading extension 'screenshots@mozilla.org': Reading manifest: Invalid extension permission: mozillaAddons
1559210192583	addons.webextension.screenshots@mozilla.org	WARN	Loading extension 'screenshots@mozilla.org': Reading manifest: Invalid extension permission: resource://pdf.js/
1559210192583	addons.webextension.screenshots@mozilla.org	WARN	Loading extension 'screenshots@mozilla.org': Reading manifest: Invalid extension permission: about:reader*
1559210198004	Marionette	INFO	Listening on port 28405
1559210198677	Marionette	WARN	TLS certificate errors will be ignored for this session
[Parent 18004, Gecko_IOThread] WARNING: pipe error: 109: file z:/task_1558035249/build/src/ipc/chromium/src/chrome/common/ipc_channel_win.cc, line 341
[Parent 18004, Gecko_IOThread] WARNING: pipe error: 109: file z:/task_1558035249/build/src/ipc/chromium/src/chrome/common/ipc_channel_win.cc, line 341
[Child 6876, Chrome_ChildThread] WARNING: pipe error: 109: file z:/task_1558035249/build/src/ipc/chrom[Child 1328, Chrome_ChildThiruead]m/src/chrome/comm WARNING: pipe error: 109: file z:/task_1558035249/build/src/ipc/chromium/src/chromoen//cipc_channel_win.cc, line 341o
mmon/ipc_channel_win.cc, li[Child 6876, Chrome_ChildThread] WARNINne 341
G: pipe[Child 1328, C ehrrrorom: 109:e_ filChe z:/tildTask_15hr5803ead]524 W9/ARbuNING: pilipd/e srerc/ipc/rochror:mi 1um09/src: /chrfiome/commonle/ipc z_cha:/nnelta_win.ccsk, _1li55ne80 3354124
9/build/src/ipc/chromium/src/chrome/common/ipc_channel_win.cc, line 341
[Parent 18004, Gecko_IOThread] WARNING: file z:/task_1558035249/build/src/ipc/chromium/src/base/process_util_win.cc, line 160
[Parent 18004, Gecko_IOThread] WARNING: file z:/task_1558035249/build/src/ipc/chromium/src/base/process_util_win.cc, line 160
[Parent 18004, Gecko_IOThread] WARNING: pipe error: 109: file z:/task_1558035249/build/src/ipc/chromium/src/chrome/common/ipc_channel_win.cc, line 341
[Child 16804, Chrome_ChildThread] WARNING: pipe error: 109: file z:/task_1558035249/build/src/ipc/chromium/src/chrome/common/ipc_channel_win.cc, line 341
[Child 1559210237133	Marionette	INFO	Stopped listening on port 28405

###!!! [Child][RunMessage] Error: Channel closing: too late to send/recv, messages will be lost

1559210270199	mozrunner::runner	INFO	Running command: "C:\\Program Files\\Mozilla Firefox\\firefox.exe" "-marionette" "-foreground" "-no-remote" "-profile" "C:\\Users\\hp\\AppData\\Local\\Temp\\rust_mozprofile.c9IAyvrniSUN"
1559210272343	addons.webextension.screenshots@mozilla.org	WARN	Loading extension 'screenshots@mozilla.org': Reading manifest: Invalid extension permission: mozillaAddons
1559210272344	addons.webextension.screenshots@mozilla.org	WARN	Loading extension 'screenshots@mozilla.org': Reading manifest: Invalid extension permission: resource://pdf.js/
1559210272344	addons.webextension.screenshots@mozilla.org	WARN	Loading extension 'screenshots@mozilla.org': Reading manifest: Invalid extension permission: about:reader*
1559210277507	Marionette	INFO	Listening on port 28495
1559210277896	Marionette	WARN	TLS certificate errors will be ignored for this session
console.error: BroadcastService: 
  receivedBroadcastMessage: handler for
  remote-settings/monitor_changes
  threw error:
  Message: Error: Polling for changes failed: http://%(server)s/dummy/blocklist//buckets/monitor/collections/changes/records?_expected=%221559174406944%22 is not a valid URL..
  Stack:
    remoteSettingsFunction/remoteSettings.pollChanges@resource://services-settings/remote-settings.js:203:13

[Parent 21512, Gecko_IOThread] WARNING: pipe error: 109: file z:/task_1558035249/build/src/ipc/chromium/src/chrome/common/ipc_channel_win.cc, line 341
[Parent 21512, Gecko_IOThread] WARNING: pipe error: 109: file z:/task_1558035249/build/src/ipc/chromium/src/chrome/common/ipc_channel_win.cc, line 341
[Child 23088, Chrome_ChildThread] WARNING: pipe error: 109: file z:/task_1558035249/build/src/ipc/chromium/src/chrome/common/ipc_channel_win.cc, line 341
[Child 23088, Chrome_ChildThread] WAR[Parent 21512, Gecko_IOThread] WARNING: pipe error: 109: file z:/task_1558035249/build/src/ipc/chromium/src/chrome/common/ipc_channel_win.cc, line 341
[Child 17136, Chrome_ChildThread] WARNING: pipe error: 109: file z:/task_1558035249/build/src/ipc/chromium/src/chrome/common/ipc_channel_win.cc, line 341
[Child1559211179272	Marionette	INFO	Stopped listening on port 28495

###!!! [Child][RunMessage] Error: Channel closing: too late to send/recv, messages will be lost

[GPU 2
###!!! [Child][MessageChannel::SendAndWait] Error: Channel error: cannot send/recv

1559211949958	mozrunner::runner	INFO	Running command: "C:\\Program Files\\Mozilla Firefox\\firefox.exe" "-marionette" "-foreground" "-no-remote" "-profile" "C:\\Users\\hp\\AppData\\Local\\Temp\\rust_mozprofile.kPq6q4h7zUf4"
1559211951501	addons.webextension.screenshots@mozilla.org	WARN	Loading extension 'screenshots@mozilla.org': Reading manifest: Invalid extension permission: mozillaAddons
1559211951502	addons.webextension.screenshots@mozilla.org	WARN	Loading extension 'screenshots@mozilla.org': Reading manifest: Invalid extension permission: resource://pdf.js/
1559211951502	addons.webextension.screenshots@mozilla.org	WARN	Loading extension 'screenshots@mozilla.org': Reading manifest: Invalid extension permission: about:reader*
1559211956839	Marionette	INFO	Listening on port 29145
1559211957132	Marionette	WARN	TLS certificate errors will be ignored for this session
console.error: BroadcastService: 
  receivedBroadcastMessage: handler for
  remote-settings/monitor_changes
  threw error:
  Message: Error: Polling for changes failed: http://%(server)s/dummy/blocklist//buckets/monitor/collections/changes/records?_expected=%221559174406944%22 is not a valid URL..
  Stack:
    remoteSettingsFunction/remoteSettings.pollChanges@resource://services-settings/remote-settings.js:203:13

[Parent 18752, Gecko_IOThread] WARNING: pipe error: 109: file z:/task_1558035249/build/src/ipc/chromium/src/chrome/common/ipc_channel_win.cc, line 341
[Parent 18752, Gecko_IOThread] WARNING: pipe error: 109: file z:/task_1558035249/build/src/ipc/chromium/src/chrome/common/ipc_channel_win.cc, line 341
[Child 20888, Chrome_ChildThread] WARNING: pipe error: 109: file z:/task_1558035249/build/src/ipc/chromium/src/chrome/common/ipc_channel_win.cc, line 341
[Child 17672, Chrome_ChildThread] WARNING: pipe error: 109: file z:/task_1558035249/build/src/ipc/chromium/src/chrome/common/ipc_channel_win.cc, line 341
[Chil[Parent 18752, Gecko_IOThread] WARNING: pipe error: 109: file z:/task_1558035249/build/src/ipc/chromium/src/chrome/common/ipc_channel_win.cc, line 341
[Child 7984, Chrome_ChildThread] WARNING: pipe error: 109: file z:/task_1558035249/build/src/ipc/chromium/src/chrome/common/ipc_channel_win.cc, line 341
[Child 71559212035460	Marionette	INFO	Stopped listening on port 29145

###!!! [Child][RunMessage] Error: Channel closing: too late to send/recv, messages will be lost

[GPU 67
###!!! [Child][MessageChannel::SendAndWait] Error: Channel error: cannot send/recv

1559212042443	mozrunner::runner	INFO	Running command: "C:\\Program Files\\Mozilla Firefox\\firefox.exe" "-marionette" "-foreground" "-no-remote" "-profile" "C:\\Users\\hp\\AppData\\Local\\Temp\\rust_mozprofile.K2ljxQNMVFMb"
1559212044364	addons.webextension.screenshots@mozilla.org	WARN	Loading extension 'screenshots@mozilla.org': Reading manifest: Invalid extension permission: mozillaAddons
1559212044365	addons.webextension.screenshots@mozilla.org	WARN	Loading extension 'screenshots@mozilla.org': Reading manifest: Invalid extension permission: resource://pdf.js/
1559212044366	addons.webextension.screenshots@mozilla.org	WARN	Loading extension 'screenshots@mozilla.org': Reading manifest: Invalid extension permission: about:reader*
1559212049745	Marionette	INFO	Listening on port 29207
1559212050135	Marionette	WARN	TLS certificate errors will be ignored for this session
console.error: BroadcastService: 
  receivedBroadcastMessage: handler for
  remote-settings/monitor_changes
  threw error:
  Message: Error: Polling for changes failed: http://%(server)s/dummy/blocklist//buckets/monitor/collections/changes/records?_expected=%221559174406944%22 is not a valid URL..
  Stack:
    remoteSettingsFunction/remoteSettings.pollChanges@resource://services-settings/remote-settings.js:203:13

[Child 2240, Chrome_ChildThread] WARNING: pipe error: 109: file z:/task_1558035249/build/src/ipc/chromium/src/chrome/common/ipc_channel_win.cc, line 341
[Child 2240, Chrome_ChildThread] WARNING: pipe error: 109: file z:/task_1558035249/build/src/ipc/chromium/src/chrome/common/ipc_channel_win.cc, line 341
[Parent 13008, Gecko_IOThread] WARNING: pipe error: 109: file z:/task_1558035249/build/src/ipc/chromium/src/chrome/common/ipc_channel_win.cc, line 341
1559212508018	Marionette	INFO	Stopped listening on port 29207

###!!! [Child][RunMessage] Error: Channel closing: too late to send/recv, messages will be lost

[GP
###!!! [Child][MessageChannel::SendAndWait] Error: Channel error: cannot send/recv

1559213011371	mozrunner::runner	INFO	Running command: "C:\\Program Files\\Mozilla Firefox\\firefox.exe" "-marionette" "-headless" "-foreground" "-no-remote" "-profile" "C:\\Users\\hp\\AppData\\Local\\Temp\\rust_mozprofile.m37Vf0fjaXfo"
*** You are running in headless mode.
1559213013378	addons.webextension.screenshots@mozilla.org	WARN	Loading extension 'screenshots@mozilla.org': Reading manifest: Invalid extension permission: mozillaAddons
1559213013379	addons.webextension.screenshots@mozilla.org	WARN	Loading extension 'screenshots@mozilla.org': Reading manifest: Invalid extension permission: resource://pdf.js/
1559213013379	addons.webextension.screenshots@mozilla.org	WARN	Loading extension 'screenshots@mozilla.org': Reading manifest: Invalid extension permission: about:reader*
1559213018777	Marionette	INFO	Listening on port 29839
1559213019028	Marionette	WARN	TLS certificate errors will be ignored for this session
console.error: BroadcastService: 
  receivedBroadcastMessage: handler for
  remote-settings/monitor_changes
  threw error:
  Message: Error: Polling for changes failed: http://%(server)s/dummy/blocklist//buckets/monitor/collections/changes/records?_expected=%221559174406944%22 is not a valid URL..
  Stack:
    remoteSettingsFunction/remoteSettings.pollChanges@resource://services-settings/remote-settings.js:203:13

Exiting due to channel error.
	INFO	Running command: "C:\\Program Files\\Mozilla Firefox\\firefox.exe" "-marionette" "-headless" "-foreground" "-no-remote" "-profile" "C:\\Users\\hp\\AppData\\Local\\Temp\\rust_mozprofile.wh2HEGTt7iZe"
*** You are running in headless mode.
1559213206410	addons.webextension.screenshots@mozilla.org	WARN	Loading extension 'screenshots@mozilla.org': Reading manifest: Invalid extension permission: mozillaAddons
1559213206411	addons.webextension.screenshots@mozilla.org	WARN	Loading extension 'screenshots@mozilla.org': Reading manifest: Invalid extension permission: resource://pdf.js/
1559213206411	addons.webextension.screenshots@mozilla.org	WARN	Loading extension 'screenshots@mozilla.org': Reading manifest: Invalid extension permission: about:reader*
1559213215644	Marionette	INFO	Listening on port 30024
[Child 22168, Chrome_ChildThread] WARNING: pipe error: 109: file z:/task_1558035249/build/src/ipc/chromium/src/chrome/common/ipc_channel_win.cc, line 341
[Child 21559213216110	Marionette	WARN	TLS certificate errors will be ignored for this session
console.error: BroadcastService: 
  receivedBroadcastMessage: handler for
  remote-settings/monitor_changes
  threw error:
  Message: Error: Polling for changes failed: http://%(server)s/dummy/blocklist//buckets/monitor/collections/changes/records?_expected=%221559174406944%22 is not a valid URL..
  Stack:
    remoteSettingsFunction/remoteSettings.pollChanges@resource://services-settings/remote-settings.js:203:13

Exiting due to channel error.
	INFO	Running command: "C:\\Program Files\\Mozilla Firefox\\firefox.exe" "-marionette" "-headless" "-foreground" "-no-remote" "-profile" "C:\\Users\\hp\\AppData\\Local\\Temp\\rust_mozprofile.KWEChx9jowXE"
*** You are running in headless mode.
1559213668320	addons.webextension.screenshots@mozilla.org	WARN	Loading extension 'screenshots@mozilla.org': Reading manifest: Invalid extension permission: mozillaAddons
1559213668320	addons.webextension.screenshots@mozilla.org	WARN	Loading extension 'screenshots@mozilla.org': Reading manifest: Invalid extension permission: resource://pdf.js/
1559213668321	addons.webextension.screenshots@mozilla.org	WARN	Loading extension 'screenshots@mozilla.org': Reading manifest: Invalid extension permission: about:reader*
1559213673477	Marionette	INFO	Listening on port 30346
1559213673720	Marionette	WARN	TLS certificate errors will be ignored for this session
console.error: BroadcastService: 
  receivedBroadcastMessage: handler for
  remote-settings/monitor_changes
  threw error:
  Message: Error: Polling for changes failed: http://%(server)s/dummy/blocklist//buckets/monitor/collections/changes/records?_expected=%221559174406944%22 is not a valid URL..
  Stack:
    remoteSettingsFunction/remoteSettings.pollChanges@resource://services-settings/remote-settings.js:203:13

Exiting due to channel error.
Exiting due to channel error.
Exiting due to channel error.
refox.exe" "-marionette" "-headless" "-foreground" "-no-remote" "-profile" "C:\\Users\\hp\\AppData\\Local\\Temp\\rust_mozprofile.tPTFky3Dfwgo"
*** You are running in headless mode.
1559213964404	addons.webextension.screenshots@mozilla.org	WARN	Loading extension 'screenshots@mozilla.org': Reading manifest: Invalid extension permission: mozillaAddons
1559213964405	addons.webextension.screenshots@mozilla.org	WARN	Loading extension 'screenshots@mozilla.org': Reading manifest: Invalid extension permission: resource://pdf.js/
1559213964405	addons.webextension.screenshots@mozilla.org	WARN	Loading extension 'screenshots@mozilla.org': Reading manifest: Invalid extension permission: about:reader*
1559213972383	Marionette	INFO	Listening on port 30522
1559213972653	Marionette	WARN	TLS certificate errors will be ignored for this session
console.error: BroadcastService: 
  receivedBroadcastMessage: handler for
  remote-settings/monitor_changes
  threw error:
  Message: Error: Polling for changes failed: http://%(server)s/dummy/blocklist//buckets/monitor/collections/changes/records?_expected=%221559174406944%22 is not a valid URL..
  Stack:
    remoteSettingsFunction/remoteSettings.pollChanges@resource://services-settings/remote-settings.js:203:13

[GFX1-]: Receive IPC close with reason=AbnormalShutdown
Exiting due to channel error.
Exiting due to channel error.
1559279106393	mozrunner::runner	INFO	Running command: "C:\\Program Files\\Mozilla Firefox\\firefox.exe" "-marionette" "-headless" "-foreground" "-no-remote" "-profile" "C:\\Users\\hp\\AppData\\Local\\Temp\\rust_mozprofile.6zzLtuXpWoMj"
*** You are running in headless mode.
1559279108879	addons.webextension.screenshots@mozilla.org	WARN	Loading extension 'screenshots@mozilla.org': Reading manifest: Invalid extension permission: mozillaAddons
1559279108880	addons.webextension.screenshots@mozilla.org	WARN	Loading extension 'screenshots@mozilla.org': Reading manifest: Invalid extension permission: resource://pdf.js/
1559279108880	addons.webextension.screenshots@mozilla.org	WARN	Loading extension 'screenshots@mozilla.org': Reading manifest: Invalid extension permission: about:reader*
1559279114278	Marionette	INFO	Listening on port 2552
1559279114778	Marionette	WARN	TLS certificate errors will be ignored for this session
console.error: BroadcastService: 
  receivedBroadcastMessage: handler for
  remote-settings/monitor_changes
  threw error:
  Message: Error: Polling for changes failed: http://%(server)s/dummy/blocklist//buckets/monitor/collections/changes/records?_expected=%221559260810623%22 is not a valid URL..
  Stack:
    remoteSettingsFunction/remoteSettings.pollChanges@resource://services-settings/remote-settings.js:203:13

